# Logfile created on 2015-05-10 12:42:06 +0200 by logger.rb/47272
I, [2015-05-10T12:42:47.678367 #7963]  INFO -- : get https://www.toggl.com/api/v8/me
D, [2015-05-10T12:42:47.678575 #7963] DEBUG -- request: Content-Type: "application/json"
Authorization: "Basic Njk4Y2QwYWFlYTI0MWQ1YWE4ZjVhM2RlNWI0NWJlMDE6YXBpX3Rva2Vu"
User-Agent: "Faraday v0.9.1"
I, [2015-05-10T12:42:48.239033 #7963]  INFO -- Status: 200
D, [2015-05-10T12:42:48.239172 #7963] DEBUG -- response: server: "nginx"
date: "Sun, 10 May 2015 10:42:48 GMT"
content-type: "application/json; charset=utf-8"
content-length: "755"
connection: "close"
cache-control: "no-cache, private, no-store, must-revalidate, max-stale=0, post-check=0, pre-check=0"
x-toggl-request-id: "0b4b99ab-1f13-4822-4f66-511d69769a2d"
x-we-are-hiring: "http://jobs.toggl.com/"
instance: "web1"
I, [2015-05-10T12:43:04.953140 #7963]  INFO -- : get https://www.toggl.com/api/v8/me
D, [2015-05-10T12:43:04.953242 #7963] DEBUG -- request: Content-Type: "application/json"
Authorization: "Basic Njk4Y2QwYWFlYTI0MWQ1YWE4ZjVhM2RlNWI0NWJlMDE6YXBpX3Rva2Vu"
User-Agent: "Faraday v0.9.1"
I, [2015-05-10T12:43:05.532845 #7963]  INFO -- Status: 200
D, [2015-05-10T12:43:05.533098 #7963] DEBUG -- response: server: "nginx"
date: "Sun, 10 May 2015 10:43:05 GMT"
content-type: "application/json; charset=utf-8"
content-length: "755"
connection: "close"
cache-control: "no-cache, private, no-store, must-revalidate, max-stale=0, post-check=0, pre-check=0"
x-toggl-request-id: "df76a11c-1b07-4abc-510f-9b986bd142ee"
x-we-are-hiring: "http://jobs.toggl.com/"
instance: "toggl-balancer5"
I, [2015-05-10T12:45:17.197353 #7963]  INFO -- : get https://www.toggl.com/api/v8/time_entries
D, [2015-05-10T12:45:17.197563 #7963] DEBUG -- request: Content-Type: "application/json"
Authorization: "Basic Njk4Y2QwYWFlYTI0MWQ1YWE4ZjVhM2RlNWI0NWJlMDE6YXBpX3Rva2Vu"
User-Agent: "Faraday v0.9.1"
I, [2015-05-10T12:45:17.746484 #7963]  INFO -- Status: 200
D, [2015-05-10T12:45:17.746607 #7963] DEBUG -- response: server: "nginx"
date: "Sun, 10 May 2015 10:45:17 GMT"
content-type: "application/json; charset=utf-8"
content-length: "594"
connection: "close"
cache-control: "no-cache, private, no-store, must-revalidate, max-stale=0, post-check=0, pre-check=0"
x-toggl-request-id: "b134790c-7003-4421-7ec5-7e28bdff814c"
x-we-are-hiring: "http://jobs.toggl.com/"
instance: "web1"
I, [2015-05-10T12:45:21.607460 #7963]  INFO -- : get https://www.toggl.com/api/v8/time_entries
D, [2015-05-10T12:45:21.607672 #7963] DEBUG -- request: Content-Type: "application/json"
Authorization: "Basic Njk4Y2QwYWFlYTI0MWQ1YWE4ZjVhM2RlNWI0NWJlMDE6YXBpX3Rva2Vu"
User-Agent: "Faraday v0.9.1"
I, [2015-05-10T12:45:22.165763 #7963]  INFO -- Status: 200
D, [2015-05-10T12:45:22.165908 #7963] DEBUG -- response: server: "nginx"
date: "Sun, 10 May 2015 10:45:22 GMT"
content-type: "application/json; charset=utf-8"
content-length: "594"
connection: "close"
cache-control: "no-cache, private, no-store, must-revalidate, max-stale=0, post-check=0, pre-check=0"
x-toggl-request-id: "d89e8453-422b-4b5d-7485-0fc5516d6ede"
x-we-are-hiring: "http://jobs.toggl.com/"
instance: "togglbalancer4"
I, [2015-05-10T17:13:54.362958 #7963]  INFO -- : get https://www.toggl.com/api/v8/time_entries
D, [2015-05-10T17:13:54.495466 #7963] DEBUG -- request: Content-Type: "application/json"
Authorization: "Basic Njk4Y2QwYWFlYTI0MWQ1YWE4ZjVhM2RlNWI0NWJlMDE6YXBpX3Rva2Vu"
User-Agent: "Faraday v0.9.1"
I, [2015-05-10T17:13:55.074576 #7963]  INFO -- Status: 200
D, [2015-05-10T17:13:55.074679 #7963] DEBUG -- response: server: "nginx"
date: "Sun, 10 May 2015 15:13:55 GMT"
content-type: "application/json; charset=utf-8"
content-length: "640"
connection: "close"
cache-control: "no-cache, private, no-store, must-revalidate, max-stale=0, post-check=0, pre-check=0"
x-toggl-request-id: "ab809c6d-b36e-4408-56da-158569b2cf4d"
x-we-are-hiring: "http://jobs.toggl.com/"
instance: "web1"
I, [2015-05-10T17:32:37.687167 #9376]  INFO -- : get https://www.toggl.com/api/v8/me?with_related_data=true
D, [2015-05-10T17:32:37.687554 #9376] DEBUG -- request: Content-Type: "application/json"
Authorization: "Basic Njk4Y2QwYWFlYTI0MWQ1YWE4ZjVhM2RlNWI0NWJlMDE6YXBpX3Rva2Vu"
User-Agent: "Faraday v0.9.1"
I, [2015-05-10T17:32:39.057788 #9376]  INFO -- Status: 200
D, [2015-05-10T17:32:39.057896 #9376] DEBUG -- response: server: "nginx"
date: "Sun, 10 May 2015 15:32:39 GMT"
content-type: "application/json; charset=utf-8"
content-length: "1605"
connection: "close"
cache-control: "no-cache, private, no-store, must-revalidate, max-stale=0, post-check=0, pre-check=0"
x-toggl-request-id: "fcc236b6-4c67-4262-7092-850d0c9274db"
x-we-are-hiring: "http://jobs.toggl.com/"
instance: "web1"
I, [2015-05-10T17:32:39.058515 #9376]  INFO -- : get https://www.toggl.com/api/v8/time_entries
D, [2015-05-10T17:32:39.058580 #9376] DEBUG -- request: Content-Type: "application/json"
Authorization: "Basic Njk4Y2QwYWFlYTI0MWQ1YWE4ZjVhM2RlNWI0NWJlMDE6YXBpX3Rva2Vu"
User-Agent: "Faraday v0.9.1"
I, [2015-05-10T17:32:41.282741 #9376]  INFO -- Status: 200
D, [2015-05-10T17:32:41.282930 #9376] DEBUG -- response: server: "nginx"
date: "Sun, 10 May 2015 15:32:41 GMT"
content-type: "application/json; charset=utf-8"
content-length: "640"
connection: "close"
cache-control: "no-cache, private, no-store, must-revalidate, max-stale=0, post-check=0, pre-check=0"
x-toggl-request-id: "7270baf1-13b0-46a3-5bf9-69c3a0cf0bac"
x-we-are-hiring: "http://jobs.toggl.com/"
instance: "web1"
